<?xml version="1.0" encoding="UTF-8"?>
<!-- Generated by org.testng.reporters.JUnitReportReporter -->
<testsuite skipped="0" hostname="Mainuddin-PC" name="LoginTest" tests="1" failures="0" timestamp="18 Jul 2018 05:55:12 GMT" time="42.185" errors="0">
  <testcase name="loginTitleTest" time="42.185" classname="LoginTest"/>
</testsuite> <!-- LoginTest -->
