<?xml version="1.0" encoding="UTF-8"?>
<!-- Generated by org.testng.reporters.JUnitReportReporter -->
<testsuite skipped="0" hostname="Mainuddin-PC" name="LoginTest" tests="1" failures="0" timestamp="19 Jul 2018 07:01:39 GMT" time="21.628" errors="0">
  <testcase name="loginTitleTest" time="21.628" classname="LoginTest"/>
</testsuite> <!-- LoginTest -->
