<?xml version="1.0" encoding="UTF-8"?>
<!-- Generated by org.testng.reporters.JUnitReportReporter -->
<testsuite skipped="0" hostname="Mainuddin-PC" name="HomepageTest" tests="1" failures="0" timestamp="19 Jul 2018 07:01:39 GMT" time="36.724" errors="0">
  <testcase name="verifyHomePageTitleTest" time="36.724" classname="HomepageTest"/>
</testsuite> <!-- HomepageTest -->
